Using pre-set license
Built from '2021.1/staging' branch; Version is '2021.1.5f1 (3737af19df53) revision 3618735'; Using compiler version '192528614'; Build Type 'Release'
OS: 'Windows 10 Home; OS build 19043.1288; Version 2009; 64bit' Language: 'ko' Physical Memory: 16266 MB
BatchMode: 1, IsHumanControllingUs: 0, StartBugReporterOnCrash: 0, Is64bit: 1, IsPro: 0

 COMMAND LINE ARGUMENTS:
D:\Unity\2021.1.5f1\Editor\Unity.exe
-adb2
-batchMode
-noUpm
-name
AssetImportWorker0
-projectPath
C:/Users/jaewo/OneDrive/바탕 화면/까마귀/DarkSeoul/DarkSeoul
-logFile
Logs/AssetImportWorker0.log
-srvPort
56613
Successfully changed project path to: C:/Users/jaewo/OneDrive/바탕 화면/까마귀/DarkSeoul/DarkSeoul
C:/Users/jaewo/OneDrive/바탕 화면/까마귀/DarkSeoul/DarkSeoul
Using Asset Import Pipeline V2.
Refreshing native plugins compatible for Editor in 62.40 ms, found 1 plugins.
Preloading 0 native plugins for Editor in 0.00 ms.
Initialize engine version: 2021.1.5f1 (3737af19df53)
[Subsystems] Discovering subsystems at path D:/Unity/2021.1.5f1/Editor/Data/Resources/UnitySubsystems
[Subsystems] Discovering subsystems at path C:/Users/jaewo/OneDrive/바탕 화면/까마귀/DarkSeoul/DarkSeoul/Assets
GfxDevice: creating device client; threaded=0; jobified=0
Direct3D:
    Version:  Direct3D 11.0 [level 11.1]
    Renderer: NVIDIA GeForce RTX 3070 (ID=0x2484)
    Vendor:   NVIDIA
    VRAM:     8043 MB
    Driver:   30.0.14.7212
Initialize mono
Mono path[0] = 'D:/Unity/2021.1.5f1/Editor/Data/Managed'
Mono path[1] = 'D:/Unity/2021.1.5f1/Editor/Data/MonoBleedingEdge/lib/mono/unityjit'
Mono config path = 'D:/Unity/2021.1.5f1/Editor/Data/MonoBleedingEdge/etc'
Using monoOptions --debugger-agent=transport=dt_socket,embedding=1,server=y,suspend=n,address=127.0.0.1:56996
Begin MonoManager ReloadAssembly
Registering precompiled unity dll's ...
Register platform support module: D:/Unity/2021.1.5f1/Editor/Data/PlaybackEngines/WindowsStandaloneSupport/UnityEditor.WindowsStandalone.Extensions.dll
Registered in 0.001216 seconds.
Native extension for WindowsStandalone target not found
Refreshing native plugins compatible for Editor in 62.63 ms, found 1 plugins.
Preloading 0 native plugins for Editor in 0.00 ms.
Mono: successfully reloaded assembly
- Completed reload, in  1.103 seconds
Platform modules already initialized, skipping
Registering precompiled user dll's ...
Registered in 0.003699 seconds.
Begin MonoManager ReloadAssembly
Native extension for WindowsStandalone target not found
Refreshing native plugins compatible for Editor in 0.57 ms, found 1 plugins.
Preloading 0 native plugins for Editor in 0.00 ms.
Mono: successfully reloaded assembly
- Completed reload, in  0.791 seconds
Platform modules already initialized, skipping
========================================================================
Worker process is ready to serve import requests
Launched and connected shader compiler UnityShaderCompiler.exe after 0.07 seconds
Refreshing native plugins compatible for Editor in 0.94 ms, found 1 plugins.
Preloading 0 native plugins for Editor in 0.00 ms.
Unloading 2665 Unused Serialized files (Serialized files now loaded: 0)
System memory in use before: 98.1 MB.
System memory in use after: 98.2 MB.

Unloading 15 unused Assets to reduce memory usage. Loaded Objects now: 3117.
Total: 1.769700 ms (FindLiveObjects: 0.248700 ms CreateObjectMapping: 0.058700 ms MarkObjects: 1.387300 ms  DeleteObjects: 0.073300 ms)

========================================================================
Received Import Request.
  path: Assets/Scenes/SampleScene.unity
  artifactKey: Guid(9fc0d4010bbf28b4594072e72b8655ab) Importer(815301076,1909f56bfc062723c751e8b465ee728b)
Start importing Assets/Scenes/SampleScene.unity using Guid(9fc0d4010bbf28b4594072e72b8655ab) Importer(815301076,1909f56bfc062723c751e8b465ee728b)  -> (artifact id: '85059f4f9e1a832ed95adaa0d25c5c4c') in 0.016869 seconds 
========================================================================
Received Import Request.
  Time since last request: 4.494927 seconds.
  path: Assets/Scenes
  artifactKey: Guid(15f1371e3218baa44b20683814fc4d69) Importer(815301076,1909f56bfc062723c751e8b465ee728b)
Start importing Assets/Scenes using Guid(15f1371e3218baa44b20683814fc4d69) Importer(815301076,1909f56bfc062723c751e8b465ee728b)  -> (artifact id: 'f88d7e7ebe6807dbe11ec4f5d5ab3dd7') in 0.007914 seconds 
========================================================================
Received Import Request.
  Time since last request: 6.479465 seconds.
  path: Assets/01_Scenes
  artifactKey: Guid(15f1371e3218baa44b20683814fc4d69) Importer(815301076,1909f56bfc062723c751e8b465ee728b)
Start importing Assets/01_Scenes using Guid(15f1371e3218baa44b20683814fc4d69) Importer(815301076,1909f56bfc062723c751e8b465ee728b)  -> (artifact id: '3cdbc3cc11d62817833b3adf1f2bd03c') in 0.008613 seconds 
========================================================================
Received Import Request.
  Time since last request: 8.273282 seconds.
  path: Assets/00_Scenes
  artifactKey: Guid(15f1371e3218baa44b20683814fc4d69) Importer(815301076,1909f56bfc062723c751e8b465ee728b)
Start importing Assets/00_Scenes using Guid(15f1371e3218baa44b20683814fc4d69) Importer(815301076,1909f56bfc062723c751e8b465ee728b)  -> (artifact id: '8af86f43821d295cc690c4f3f3196315') in 0.008685 seconds 
========================================================================
Received Import Request.
  Time since last request: 16.922317 seconds.
  path: Assets/00_Scenes/GamePlaying.unity
  artifactKey: Guid(3bce495f55a582d42bd1821b39da3527) Importer(815301076,1909f56bfc062723c751e8b465ee728b)
Start importing Assets/00_Scenes/GamePlaying.unity using Guid(3bce495f55a582d42bd1821b39da3527) Importer(815301076,1909f56bfc062723c751e8b465ee728b)  -> (artifact id: '01228f5d0a5f22c1713ee6f61393056e') in 0.007426 seconds 
AssetImportWorkerClient::OnTransportError - code=2 error=End of file
